Started GET "/" for ::1 at 2020-08-29 12:59:10 +0900
Processing by Rails::WelcomeController#index as HTML
  Rendering C:/Ruby26-x64/lib/ruby/gems/2.6.0/gems/railties-5.2.4.3/lib/rails/templates/rails/welcome/index.html.erb
  Rendered C:/Ruby26-x64/lib/ruby/gems/2.6.0/gems/railties-5.2.4.3/lib/rails/templates/rails/welcome/index.html.erb (8.7ms)
Completed 200 OK in 42ms (Views: 27.7ms | ActiveRecord: 0.0ms)


Started GET "/" for ::1 at 2020-08-29 12:59:58 +0900
Processing by Rails::WelcomeController#index as HTML
  Rendering C:/Ruby26-x64/lib/ruby/gems/2.6.0/gems/railties-5.2.4.3/lib/rails/templates/rails/welcome/index.html.erb
  Rendered C:/Ruby26-x64/lib/ruby/gems/2.6.0/gems/railties-5.2.4.3/lib/rails/templates/rails/welcome/index.html.erb (1.9ms)
Completed 200 OK in 11ms (Views: 6.9ms | ActiveRecord: 0.0ms)


Started GET "/" for ::1 at 2020-08-29 13:02:07 +0900
Processing by Rails::WelcomeController#index as HTML
  Rendering C:/Ruby26-x64/lib/ruby/gems/2.6.0/gems/railties-5.2.4.3/lib/rails/templates/rails/welcome/index.html.erb
  Rendered C:/Ruby26-x64/lib/ruby/gems/2.6.0/gems/railties-5.2.4.3/lib/rails/templates/rails/welcome/index.html.erb (4.1ms)
Completed 200 OK in 18ms (Views: 12.3ms | ActiveRecord: 0.0ms)


Started GET "/" for ::1 at 2020-08-29 13:02:08 +0900
Processing by Rails::WelcomeController#index as HTML
  Rendering C:/Ruby26-x64/lib/ruby/gems/2.6.0/gems/railties-5.2.4.3/lib/rails/templates/rails/welcome/index.html.erb
  Rendered C:/Ruby26-x64/lib/ruby/gems/2.6.0/gems/railties-5.2.4.3/lib/rails/templates/rails/welcome/index.html.erb (3.1ms)
Completed 200 OK in 16ms (Views: 9.9ms | ActiveRecord: 0.0ms)


Started GET "/" for ::1 at 2020-08-29 13:05:47 +0900
  
NameError (undefined local variable or method `“top' for #<ActionDispatch::Routing::Mapper:0x00000000085ca028>):
  
config/routes.rb:3:in `block in <top (required)>'
config/routes.rb:1:in `<top (required)>'
Started GET "/" for ::1 at 2020-08-29 13:06:18 +0900
  
NameError (undefined local variable or method `“index”' for #<ActionDispatch::Routing::Mapper:0x0000000008d6c088>):
  
config/routes.rb:3:in `block in <top (required)>'
config/routes.rb:1:in `<top (required)>'
Started GET "/" for ::1 at 2020-08-29 13:06:21 +0900
  
ActionController::RoutingError (No route matches [GET] "/"):
  
actionpack (5.2.4.3) lib/action_dispatch/middleware/debug_exceptions.rb:65:in `call'
web-console (3.7.0) lib/web_console/middleware.rb:135:in `call_app'
web-console (3.7.0) lib/web_console/middleware.rb:30:in `block in call'
web-console (3.7.0) lib/web_console/middleware.rb:20:in `catch'
web-console (3.7.0) lib/web_console/middleware.rb:20:in `call'
actionpack (5.2.4.3) lib/action_dispatch/middleware/show_exceptions.rb:33:in `call'
railties (5.2.4.3) lib/rails/rack/logger.rb:38:in `call_app'
railties (5.2.4.3) lib/rails/rack/logger.rb:26:in `block in call'
activesupport (5.2.4.3) lib/active_support/tagged_logging.rb:71:in `block in tagged'
activesupport (5.2.4.3) lib/active_support/tagged_logging.rb:28:in `tagged'
activesupport (5.2.4.3) lib/active_support/tagged_logging.rb:71:in `tagged'
railties (5.2.4.3) lib/rails/rack/logger.rb:26:in `call'
sprockets-rails (3.2.1) lib/sprockets/rails/quiet_assets.rb:13:in `call'
actionpack (5.2.4.3) lib/action_dispatch/middleware/remote_ip.rb:81:in `call'
actionpack (5.2.4.3) lib/action_dispatch/middleware/request_id.rb:27:in `call'
rack (2.2.3) lib/rack/method_override.rb:24:in `call'
rack (2.2.3) lib/rack/runtime.rb:22:in `call'
activesupport (5.2.4.3) lib/active_support/cache/strategy/local_cache_middleware.rb:29:in `call'
actionpack (5.2.4.3) lib/action_dispatch/middleware/executor.rb:14:in `call'
actionpack (5.2.4.3) lib/action_dispatch/middleware/static.rb:127:in `call'
rack (2.2.3) lib/rack/sendfile.rb:110:in `call'
railties (5.2.4.3) lib/rails/engine.rb:524:in `call'
puma (3.12.6) lib/puma/configuration.rb:227:in `call'
puma (3.12.6) lib/puma/server.rb:706:in `handle_request'
puma (3.12.6) lib/puma/server.rb:476:in `process_client'
puma (3.12.6) lib/puma/server.rb:334:in `block in run'
puma (3.12.6) lib/puma/thread_pool.rb:135:in `block in spawn_thread'
Started GET "/" for ::1 at 2020-08-29 13:07:12 +0900
  
ArgumentError (Missing :controller key on routes definition, please check your routes.):
  
config/routes.rb:3:in `block in <top (required)>'
config/routes.rb:1:in `<top (required)>'
Started GET "/" for ::1 at 2020-08-29 13:09:12 +0900
  
ArgumentError (Missing :controller key on routes definition, please check your routes.):
  
config/routes.rb:3:in `block in <top (required)>'
config/routes.rb:1:in `<top (required)>'
Started GET "/" for ::1 at 2020-08-29 13:09:17 +0900
  
ActionController::RoutingError (No route matches [GET] "/"):
  
actionpack (5.2.4.3) lib/action_dispatch/middleware/debug_exceptions.rb:65:in `call'
web-console (3.7.0) lib/web_console/middleware.rb:135:in `call_app'
web-console (3.7.0) lib/web_console/middleware.rb:30:in `block in call'
web-console (3.7.0) lib/web_console/middleware.rb:20:in `catch'
web-console (3.7.0) lib/web_console/middleware.rb:20:in `call'
actionpack (5.2.4.3) lib/action_dispatch/middleware/show_exceptions.rb:33:in `call'
railties (5.2.4.3) lib/rails/rack/logger.rb:38:in `call_app'
railties (5.2.4.3) lib/rails/rack/logger.rb:26:in `block in call'
activesupport (5.2.4.3) lib/active_support/tagged_logging.rb:71:in `block in tagged'
activesupport (5.2.4.3) lib/active_support/tagged_logging.rb:28:in `tagged'
activesupport (5.2.4.3) lib/active_support/tagged_logging.rb:71:in `tagged'
railties (5.2.4.3) lib/rails/rack/logger.rb:26:in `call'
sprockets-rails (3.2.1) lib/sprockets/rails/quiet_assets.rb:13:in `call'
actionpack (5.2.4.3) lib/action_dispatch/middleware/remote_ip.rb:81:in `call'
actionpack (5.2.4.3) lib/action_dispatch/middleware/request_id.rb:27:in `call'
rack (2.2.3) lib/rack/method_override.rb:24:in `call'
rack (2.2.3) lib/rack/runtime.rb:22:in `call'
activesupport (5.2.4.3) lib/active_support/cache/strategy/local_cache_middleware.rb:29:in `call'
actionpack (5.2.4.3) lib/action_dispatch/middleware/executor.rb:14:in `call'
actionpack (5.2.4.3) lib/action_dispatch/middleware/static.rb:127:in `call'
rack (2.2.3) lib/rack/sendfile.rb:110:in `call'
railties (5.2.4.3) lib/rails/engine.rb:524:in `call'
puma (3.12.6) lib/puma/configuration.rb:227:in `call'
puma (3.12.6) lib/puma/server.rb:706:in `handle_request'
puma (3.12.6) lib/puma/server.rb:476:in `process_client'
puma (3.12.6) lib/puma/server.rb:334:in `block in run'
puma (3.12.6) lib/puma/thread_pool.rb:135:in `block in spawn_thread'
Started GET "/" for ::1 at 2020-08-29 13:16:47 +0900
Processing by Rails::WelcomeController#index as HTML
  Rendering C:/Ruby26-x64/lib/ruby/gems/2.6.0/gems/railties-5.2.4.3/lib/rails/templates/rails/welcome/index.html.erb
  Rendered C:/Ruby26-x64/lib/ruby/gems/2.6.0/gems/railties-5.2.4.3/lib/rails/templates/rails/welcome/index.html.erb (5.4ms)
Completed 200 OK in 36ms (Views: 23.4ms | ActiveRecord: 0.0ms)


Started GET "/" for ::1 at 2020-08-29 13:19:06 +0900
Processing by TopController#index as HTML
  Rendering top/index.html.erb within layouts/application
  Rendered top/index.html.erb within layouts/application (386.5ms)
Completed 200 OK in 408ms (Views: 403.0ms | ActiveRecord: 0.0ms)


Started GET "/js/main.js" for ::1 at 2020-08-29 13:19:07 +0900
  
ActionController::RoutingError (No route matches [GET] "/js/main.js"):
  
actionpack (5.2.4.3) lib/action_dispatch/middleware/debug_exceptions.rb:65:in `call'
web-console (3.7.0) lib/web_console/middleware.rb:135:in `call_app'
web-console (3.7.0) lib/web_console/middleware.rb:30:in `block in call'
web-console (3.7.0) lib/web_console/middleware.rb:20:in `catch'
web-console (3.7.0) lib/web_console/middleware.rb:20:in `call'
actionpack (5.2.4.3) lib/action_dispatch/middleware/show_exceptions.rb:33:in `call'
railties (5.2.4.3) lib/rails/rack/logger.rb:38:in `call_app'
railties (5.2.4.3) lib/rails/rack/logger.rb:26:in `block in call'
activesupport (5.2.4.3) lib/active_support/tagged_logging.rb:71:in `block in tagged'
activesupport (5.2.4.3) lib/active_support/tagged_logging.rb:28:in `tagged'
activesupport (5.2.4.3) lib/active_support/tagged_logging.rb:71:in `tagged'
railties (5.2.4.3) lib/rails/rack/logger.rb:26:in `call'
sprockets-rails (3.2.1) lib/sprockets/rails/quiet_assets.rb:13:in `call'
actionpack (5.2.4.3) lib/action_dispatch/middleware/remote_ip.rb:81:in `call'
actionpack (5.2.4.3) lib/action_dispatch/middleware/request_id.rb:27:in `call'
rack (2.2.3) lib/rack/method_override.rb:24:in `call'
rack (2.2.3) lib/rack/runtime.rb:22:in `call'
activesupport (5.2.4.3) lib/active_support/cache/strategy/local_cache_middleware.rb:29:in `call'
actionpack (5.2.4.3) lib/action_dispatch/middleware/executor.rb:14:in `call'
actionpack (5.2.4.3) lib/action_dispatch/middleware/static.rb:127:in `call'
rack (2.2.3) lib/rack/sendfile.rb:110:in `call'
railties (5.2.4.3) lib/rails/engine.rb:524:in `call'
puma (3.12.6) lib/puma/configuration.rb:227:in `call'
puma (3.12.6) lib/puma/server.rb:706:in `handle_request'
puma (3.12.6) lib/puma/server.rb:476:in `process_client'
puma (3.12.6) lib/puma/server.rb:334:in `block in run'
puma (3.12.6) lib/puma/thread_pool.rb:135:in `block in spawn_thread'
Started GET "/" for ::1 at 2020-08-29 13:20:45 +0900
Processing by TopController#index as HTML
  Rendering top/index.html.erb within layouts/application
  Rendered top/index.html.erb within layouts/application (1.0ms)
Completed 200 OK in 70ms (Views: 65.2ms | ActiveRecord: 0.0ms)


Started GET "/js/main.js" for ::1 at 2020-08-29 13:20:45 +0900
  
ActionController::RoutingError (No route matches [GET] "/js/main.js"):
  
actionpack (5.2.4.3) lib/action_dispatch/middleware/debug_exceptions.rb:65:in `call'
web-console (3.7.0) lib/web_console/middleware.rb:135:in `call_app'
web-console (3.7.0) lib/web_console/middleware.rb:30:in `block in call'
web-console (3.7.0) lib/web_console/middleware.rb:20:in `catch'
web-console (3.7.0) lib/web_console/middleware.rb:20:in `call'
actionpack (5.2.4.3) lib/action_dispatch/middleware/show_exceptions.rb:33:in `call'
railties (5.2.4.3) lib/rails/rack/logger.rb:38:in `call_app'
railties (5.2.4.3) lib/rails/rack/logger.rb:26:in `block in call'
activesupport (5.2.4.3) lib/active_support/tagged_logging.rb:71:in `block in tagged'
activesupport (5.2.4.3) lib/active_support/tagged_logging.rb:28:in `tagged'
activesupport (5.2.4.3) lib/active_support/tagged_logging.rb:71:in `tagged'
railties (5.2.4.3) lib/rails/rack/logger.rb:26:in `call'
sprockets-rails (3.2.1) lib/sprockets/rails/quiet_assets.rb:13:in `call'
actionpack (5.2.4.3) lib/action_dispatch/middleware/remote_ip.rb:81:in `call'
actionpack (5.2.4.3) lib/action_dispatch/middleware/request_id.rb:27:in `call'
rack (2.2.3) lib/rack/method_override.rb:24:in `call'
rack (2.2.3) lib/rack/runtime.rb:22:in `call'
activesupport (5.2.4.3) lib/active_support/cache/strategy/local_cache_middleware.rb:29:in `call'
actionpack (5.2.4.3) lib/action_dispatch/middleware/executor.rb:14:in `call'
actionpack (5.2.4.3) lib/action_dispatch/middleware/static.rb:127:in `call'
rack (2.2.3) lib/rack/sendfile.rb:110:in `call'
railties (5.2.4.3) lib/rails/engine.rb:524:in `call'
puma (3.12.6) lib/puma/configuration.rb:227:in `call'
puma (3.12.6) lib/puma/server.rb:706:in `handle_request'
puma (3.12.6) lib/puma/server.rb:476:in `process_client'
puma (3.12.6) lib/puma/server.rb:334:in `block in run'
puma (3.12.6) lib/puma/thread_pool.rb:135:in `block in spawn_thread'
Started GET "/" for ::1 at 2020-08-29 13:21:07 +0900
Processing by TopController#index as HTML
  Rendering top/index.html.erb within layouts/application
  Rendered top/index.html.erb within layouts/application (0.9ms)
Completed 200 OK in 65ms (Views: 61.7ms | ActiveRecord: 0.0ms)


Started GET "/" for ::1 at 2020-08-29 13:21:43 +0900
Processing by TopController#index as HTML
  Rendering top/index.html.erb within layouts/application
  Rendered top/index.html.erb within layouts/application (1.0ms)
Completed 200 OK in 113ms (Views: 108.6ms | ActiveRecord: 0.0ms)


Started GET "/" for ::1 at 2020-08-29 13:21:45 +0900
Processing by TopController#index as HTML
  Rendering top/index.html.erb within layouts/application
  Rendered top/index.html.erb within layouts/application (1.6ms)
Completed 200 OK in 125ms (Views: 120.3ms | ActiveRecord: 0.0ms)


Started GET "/" for ::1 at 2020-08-29 13:26:58 +0900
Processing by TopController#index as HTML
  Rendering top/index.html.erb within layouts/application
  Rendered top/index.html.erb within layouts/application (2.8ms)
Completed 200 OK in 92ms (Views: 84.5ms | ActiveRecord: 0.0ms)


Started GET "/" for ::1 at 2020-08-29 13:27:22 +0900
Processing by TopController#index as HTML
  Rendering top/index.html.erb within layouts/application
  Rendered top/index.html.erb within layouts/application (1.1ms)
Completed 200 OK in 82ms (Views: 77.5ms | ActiveRecord: 0.0ms)


Started GET "/" for ::1 at 2020-08-29 13:27:53 +0900
Processing by TopController#index as HTML
  Rendering top/index.html.erb within layouts/application
  Rendered top/index.html.erb within layouts/application (1.1ms)
Completed 200 OK in 93ms (Views: 88.3ms | ActiveRecord: 0.0ms)


Started GET "/" for ::1 at 2020-08-29 13:28:32 +0900
Processing by TopController#index as HTML
  Rendering top/index.html.erb within layouts/application
  Rendered top/index.html.erb within layouts/application (0.9ms)
Completed 200 OK in 68ms (Views: 63.2ms | ActiveRecord: 0.0ms)


Started GET "/" for ::1 at 2020-08-29 13:29:29 +0900
Processing by TopController#index as HTML
  Rendering top/index.html.erb within layouts/application
  Rendered top/index.html.erb within layouts/application (1.0ms)
Completed 200 OK in 76ms (Views: 71.0ms | ActiveRecord: 0.0ms)


Started GET "/" for ::1 at 2020-08-29 13:36:08 +0900
Processing by TopController#index as HTML
  Rendering top/index.html.erb within layouts/application
  Rendered top/index.html.erb within layouts/application (1.1ms)
Completed 200 OK in 70ms (Views: 65.1ms | ActiveRecord: 0.0ms)


Started GET "/" for ::1 at 2020-08-29 13:36:40 +0900
Processing by TopController#index as HTML
  Rendering top/index.html.erb within layouts/application
  Rendered top/index.html.erb within layouts/application (1.0ms)
Completed 200 OK in 72ms (Views: 68.0ms | ActiveRecord: 0.0ms)


Started GET "/" for ::1 at 2020-08-29 13:37:16 +0900
Processing by TopController#index as HTML
  Rendering top/index.html.erb within layouts/application
  Rendered top/index.html.erb within layouts/application (1.2ms)
Completed 200 OK in 73ms (Views: 68.1ms | ActiveRecord: 0.0ms)


Started GET "/" for ::1 at 2020-08-29 13:39:33 +0900
Processing by TopController#index as HTML
  Rendering top/index.html.erb within layouts/application
  Rendered top/index.html.erb within layouts/application (1.3ms)
Completed 200 OK in 90ms (Views: 85.6ms | ActiveRecord: 0.0ms)


Started GET "/" for ::1 at 2020-08-29 13:42:00 +0900
Processing by TopController#index as HTML
  Rendering top/index.html.erb within layouts/application
  Rendered top/index.html.erb within layouts/application (1.1ms)
Completed 200 OK in 76ms (Views: 70.7ms | ActiveRecord: 0.0ms)


Started GET "/" for ::1 at 2020-08-29 13:42:12 +0900
Processing by TopController#index as HTML
  Rendering top/index.html.erb within layouts/application
  Rendered top/index.html.erb within layouts/application (1.0ms)
Completed 200 OK in 69ms (Views: 64.8ms | ActiveRecord: 0.0ms)


Started GET "/" for ::1 at 2020-08-29 13:43:27 +0900
Processing by TopController#index as HTML
  Rendering top/index.html.erb within layouts/application
  Rendered top/index.html.erb within layouts/application (0.8ms)
Completed 200 OK in 69ms (Views: 63.7ms | ActiveRecord: 0.0ms)


Started GET "/" for ::1 at 2020-08-29 13:43:28 +0900
Processing by TopController#index as HTML
  Rendering top/index.html.erb within layouts/application
  Rendered top/index.html.erb within layouts/application (1.1ms)
Completed 200 OK in 68ms (Views: 63.5ms | ActiveRecord: 0.0ms)


Started GET "/" for ::1 at 2020-08-29 13:43:57 +0900
Processing by TopController#index as HTML
  Rendering top/index.html.erb within layouts/application
  Rendered top/index.html.erb within layouts/application (1.0ms)
Completed 200 OK in 67ms (Views: 62.5ms | ActiveRecord: 0.0ms)


Started GET "/" for ::1 at 2020-08-29 13:45:17 +0900
Processing by TopController#index as HTML
  Rendering top/index.html.erb within layouts/application
  Rendered top/index.html.erb within layouts/application (1.0ms)
Completed 200 OK in 89ms (Views: 84.7ms | ActiveRecord: 0.0ms)


Started GET "/" for ::1 at 2020-08-29 13:45:19 +0900
Processing by TopController#index as HTML
  Rendering top/index.html.erb within layouts/application
  Rendered top/index.html.erb within layouts/application (1.0ms)
Completed 200 OK in 68ms (Views: 63.8ms | ActiveRecord: 0.0ms)


Started GET "/" for ::1 at 2020-08-29 13:47:07 +0900
Processing by TopController#index as HTML
  Rendering top/index.html.erb within layouts/application
  Rendered top/index.html.erb within layouts/application (1.0ms)
Completed 200 OK in 70ms (Views: 66.1ms | ActiveRecord: 0.0ms)


Started GET "/" for ::1 at 2020-08-29 13:48:57 +0900
Processing by TopController#index as HTML
  Rendering top/index.html.erb within layouts/application
  Rendered top/index.html.erb within layouts/application (1.5ms)
Completed 200 OK in 71ms (Views: 65.2ms | ActiveRecord: 0.0ms)


Started GET "/" for ::1 at 2020-08-29 13:50:46 +0900
Processing by TopController#index as HTML
  Rendering top/index.html.erb within layouts/application
  Rendered top/index.html.erb within layouts/application (1.2ms)
Completed 200 OK in 69ms (Views: 64.4ms | ActiveRecord: 0.0ms)


Started GET "/" for ::1 at 2020-08-29 13:52:00 +0900
Processing by TopController#index as HTML
  Rendering top/index.html.erb within layouts/application
  Rendered top/index.html.erb within layouts/application (1.1ms)
Completed 200 OK in 72ms (Views: 67.0ms | ActiveRecord: 0.0ms)


Started GET "/" for ::1 at 2020-08-29 13:53:27 +0900
Processing by TopController#index as HTML
  Rendering top/index.html.erb within layouts/application
  Rendered top/index.html.erb within layouts/application (1.2ms)
Completed 200 OK in 71ms (Views: 66.1ms | ActiveRecord: 0.0ms)


Started GET "/" for ::1 at 2020-08-29 13:53:46 +0900
Processing by TopController#index as HTML
  Rendering top/index.html.erb within layouts/application
  Rendered top/index.html.erb within layouts/application (0.9ms)
Completed 200 OK in 43ms (Views: 40.6ms | ActiveRecord: 0.0ms)


Started GET "/" for ::1 at 2020-08-29 13:56:30 +0900
Processing by TopController#index as HTML
  Rendering top/index.html.erb within layouts/application
  Rendered top/index.html.erb within layouts/application (1.2ms)
Completed 200 OK in 68ms (Views: 64.7ms | ActiveRecord: 0.0ms)


Started GET "/" for ::1 at 2020-08-29 13:56:59 +0900
Processing by TopController#index as HTML
  Rendering top/index.html.erb within layouts/application
  Rendered top/index.html.erb within layouts/application (1.3ms)
Completed 200 OK in 78ms (Views: 73.5ms | ActiveRecord: 0.0ms)


Started GET "/" for ::1 at 2020-08-29 14:00:41 +0900
Processing by TopController#index as HTML
  Rendering top/index.html.erb within layouts/application
  Rendered top/index.html.erb within layouts/application (1.7ms)
Completed 200 OK in 91ms (Views: 85.4ms | ActiveRecord: 0.0ms)


Started GET "/" for ::1 at 2020-08-29 14:01:17 +0900
Processing by TopController#index as HTML
  Rendering top/index.html.erb within layouts/application
  Rendered top/index.html.erb within layouts/application (1.4ms)
Completed 200 OK in 71ms (Views: 67.0ms | ActiveRecord: 0.0ms)


Started GET "/" for ::1 at 2020-08-29 14:01:32 +0900
Processing by TopController#index as HTML
  Rendering top/index.html.erb within layouts/application
  Rendered top/index.html.erb within layouts/application (1.5ms)
Completed 200 OK in 78ms (Views: 73.4ms | ActiveRecord: 0.0ms)


Started GET "/" for ::1 at 2020-08-29 14:05:51 +0900
Processing by TopController#index as HTML
  Rendering top/index.html.erb within layouts/application
  Rendered top/index.html.erb within layouts/application (1.7ms)
Completed 200 OK in 90ms (Views: 86.1ms | ActiveRecord: 0.0ms)


Started GET "/" for ::1 at 2020-08-29 14:10:34 +0900
Processing by TopController#index as HTML
  Rendering top/index.html.erb within layouts/application
  Rendered top/index.html.erb within layouts/application (1.3ms)
Completed 200 OK in 90ms (Views: 83.0ms | ActiveRecord: 0.0ms)


Started GET "/" for ::1 at 2020-08-29 14:11:05 +0900
Processing by TopController#index as HTML
  Rendering top/index.html.erb within layouts/application
  Rendered top/index.html.erb within layouts/application (1.3ms)
Completed 200 OK in 67ms (Views: 64.7ms | ActiveRecord: 0.0ms)


Started GET "/" for ::1 at 2020-08-29 14:13:09 +0900
Processing by TopController#index as HTML
  Rendering top/index.html.erb within layouts/application
  Rendered top/index.html.erb within layouts/application (1.4ms)
Completed 200 OK in 70ms (Views: 65.6ms | ActiveRecord: 0.0ms)


Started GET "/" for ::1 at 2020-08-29 14:19:35 +0900
Processing by TopController#index as HTML
  Rendering top/index.html.erb within layouts/application
  Rendered top/index.html.erb within layouts/application (1.8ms)
Completed 200 OK in 74ms (Views: 69.9ms | ActiveRecord: 0.0ms)


Started GET "/" for ::1 at 2020-08-29 14:21:16 +0900
Processing by TopController#index as HTML
  Rendering top/index.html.erb within layouts/application
  Rendered top/index.html.erb within layouts/application (1.4ms)
Completed 200 OK in 73ms (Views: 67.7ms | ActiveRecord: 0.0ms)


Started GET "/" for ::1 at 2020-08-29 14:24:34 +0900
Processing by TopController#index as HTML
  Rendering top/index.html.erb within layouts/application
  Rendered top/index.html.erb within layouts/application (1.6ms)
Completed 200 OK in 96ms (Views: 91.0ms | ActiveRecord: 0.0ms)


Started GET "/" for ::1 at 2020-08-29 14:26:51 +0900
Processing by TopController#index as HTML
  Rendering top/index.html.erb within layouts/application
  Rendered top/index.html.erb within layouts/application (1.5ms)
Completed 200 OK in 76ms (Views: 72.1ms | ActiveRecord: 0.0ms)


Started GET "/" for ::1 at 2020-08-29 14:27:05 +0900
Processing by TopController#index as HTML
  Rendering top/index.html.erb within layouts/application
  Rendered top/index.html.erb within layouts/application (1.3ms)
Completed 200 OK in 70ms (Views: 66.1ms | ActiveRecord: 0.0ms)


Started GET "/" for ::1 at 2020-08-29 14:28:46 +0900
Processing by TopController#index as HTML
  Rendering top/index.html.erb within layouts/application
  Rendered top/index.html.erb within layouts/application (1.7ms)
Completed 200 OK in 72ms (Views: 67.9ms | ActiveRecord: 0.0ms)


Started GET "/" for ::1 at 2020-08-29 14:29:03 +0900
Processing by TopController#index as HTML
  Rendering top/index.html.erb within layouts/application
  Rendered top/index.html.erb within layouts/application (1.4ms)
Completed 200 OK in 71ms (Views: 66.1ms | ActiveRecord: 0.0ms)


Started GET "/" for ::1 at 2020-08-29 14:29:28 +0900
Processing by TopController#index as HTML
  Rendering top/index.html.erb within layouts/application
  Rendered top/index.html.erb within layouts/application (1.4ms)
Completed 200 OK in 68ms (Views: 63.8ms | ActiveRecord: 0.0ms)


Started GET "/" for ::1 at 2020-08-29 14:32:58 +0900
Processing by TopController#index as HTML
  Rendering top/index.html.erb within layouts/application
  Rendered top/index.html.erb within layouts/application (1.8ms)
Completed 200 OK in 90ms (Views: 85.6ms | ActiveRecord: 0.0ms)


Started GET "/" for ::1 at 2020-08-29 14:33:11 +0900
Processing by TopController#index as HTML
  Rendering top/index.html.erb within layouts/application
  Rendered top/index.html.erb within layouts/application (1.4ms)
Completed 200 OK in 76ms (Views: 71.2ms | ActiveRecord: 0.0ms)


Started GET "/" for ::1 at 2020-08-29 14:35:54 +0900
Processing by TopController#index as HTML
  Rendering top/index.html.erb within layouts/application
  Rendered top/index.html.erb within layouts/application (2.2ms)
Completed 200 OK in 71ms (Views: 67.1ms | ActiveRecord: 0.0ms)


Started GET "/" for ::1 at 2020-08-29 14:35:59 +0900
Processing by TopController#index as HTML
  Rendering top/index.html.erb within layouts/application
  Rendered top/index.html.erb within layouts/application (1.9ms)
Completed 200 OK in 65ms (Views: 60.9ms | ActiveRecord: 0.0ms)


Started GET "/" for ::1 at 2020-08-29 14:36:22 +0900
Processing by TopController#index as HTML
  Rendering top/index.html.erb within layouts/application
  Rendered top/index.html.erb within layouts/application (1.6ms)
Completed 200 OK in 74ms (Views: 70.2ms | ActiveRecord: 0.0ms)


Started GET "/" for ::1 at 2020-08-29 14:36:39 +0900
Processing by TopController#index as HTML
  Rendering top/index.html.erb within layouts/application
  Rendered top/index.html.erb within layouts/application (1.6ms)
Completed 200 OK in 77ms (Views: 73.0ms | ActiveRecord: 0.0ms)


Started GET "/" for ::1 at 2020-08-29 14:37:26 +0900
Processing by TopController#index as HTML
  Rendering top/index.html.erb within layouts/application
  Rendered top/index.html.erb within layouts/application (1.6ms)
Completed 200 OK in 92ms (Views: 87.3ms | ActiveRecord: 0.0ms)


Started GET "/" for ::1 at 2020-08-29 14:38:40 +0900
Processing by TopController#index as HTML
  Rendering top/index.html.erb within layouts/application
  Rendered top/index.html.erb within layouts/application (1.3ms)
Completed 200 OK in 72ms (Views: 67.8ms | ActiveRecord: 0.0ms)


Started GET "/" for ::1 at 2020-08-29 14:39:25 +0900
Processing by TopController#index as HTML
  Rendering top/index.html.erb within layouts/application
  Rendered top/index.html.erb within layouts/application (1.2ms)
Completed 200 OK in 55ms (Views: 51.4ms | ActiveRecord: 0.0ms)


Started GET "/" for ::1 at 2020-08-29 14:39:47 +0900
Processing by TopController#index as HTML
  Rendering top/index.html.erb within layouts/application
  Rendered top/index.html.erb within layouts/application (1.7ms)
Completed 200 OK in 75ms (Views: 70.8ms | ActiveRecord: 0.0ms)


Started GET "/" for ::1 at 2020-08-29 14:40:24 +0900
Processing by TopController#index as HTML
  Rendering top/index.html.erb within layouts/application
  Rendered top/index.html.erb within layouts/application (1.9ms)
Completed 200 OK in 71ms (Views: 66.4ms | ActiveRecord: 0.0ms)


Started GET "/" for ::1 at 2020-08-29 14:40:45 +0900
Processing by TopController#index as HTML
  Rendering top/index.html.erb within layouts/application
  Rendered top/index.html.erb within layouts/application (1.6ms)
Completed 200 OK in 69ms (Views: 64.4ms | ActiveRecord: 0.0ms)


Started GET "/" for ::1 at 2020-08-29 14:41:27 +0900
Processing by TopController#index as HTML
  Rendering top/index.html.erb within layouts/application
  Rendered top/index.html.erb within layouts/application (1.6ms)
Completed 200 OK in 87ms (Views: 82.6ms | ActiveRecord: 0.0ms)


Started GET "/" for ::1 at 2020-08-29 14:44:15 +0900
Processing by TopController#index as HTML
  Rendering top/index.html.erb within layouts/application
  Rendered top/index.html.erb within layouts/application (2.2ms)
Completed 200 OK in 74ms (Views: 69.3ms | ActiveRecord: 0.0ms)


Started GET "/" for ::1 at 2020-08-29 14:45:59 +0900
Processing by TopController#index as HTML
  Rendering top/index.html.erb within layouts/application
  Rendered top/index.html.erb within layouts/application (2.0ms)
Completed 200 OK in 70ms (Views: 66.0ms | ActiveRecord: 0.0ms)


Started GET "/" for ::1 at 2020-08-29 14:53:35 +0900
Processing by TopController#index as HTML
  Rendering top/index.html.erb within layouts/application
  Rendered top/index.html.erb within layouts/application (1.8ms)
Completed 200 OK in 71ms (Views: 67.3ms | ActiveRecord: 0.0ms)


Started GET "/" for ::1 at 2020-08-29 14:56:33 +0900
Processing by TopController#index as HTML
  Rendering top/index.html.erb within layouts/application
  Rendered top/index.html.erb within layouts/application (1.7ms)
Completed 200 OK in 70ms (Views: 65.9ms | ActiveRecord: 0.0ms)


Started GET "/" for ::1 at 2020-08-29 15:00:51 +0900
Processing by TopController#index as HTML
  Rendering top/index.html.erb within layouts/application
  Rendered top/index.html.erb within layouts/application (1.7ms)
Completed 200 OK in 72ms (Views: 66.1ms | ActiveRecord: 0.0ms)


Started GET "/" for ::1 at 2020-08-30 16:55:15 +0900
Processing by TopController#index as HTML
  Rendering top/index.html.erb within layouts/application
  Rendered top/index.html.erb within layouts/application (6.1ms)
Completed 200 OK in 508ms (Views: 495.9ms | ActiveRecord: 0.0ms)


Started GET "/" for ::1 at 2020-08-30 17:33:52 +0900
Processing by TopController#index as HTML
  Rendering top/index.html.erb within layouts/application
  Rendered top/index.html.erb within layouts/application (1.9ms)
Completed 200 OK in 93ms (Views: 79.0ms | ActiveRecord: 0.0ms)


Started GET "/" for ::1 at 2020-08-30 17:34:54 +0900
Processing by TopController#index as HTML
  Rendering top/index.html.erb within layouts/application
  Rendered top/index.html.erb within layouts/application (2.0ms)
Completed 200 OK in 78ms (Views: 74.1ms | ActiveRecord: 0.0ms)


Started GET "/" for ::1 at 2020-08-30 17:36:09 +0900
Processing by TopController#index as HTML
  Rendering top/index.html.erb within layouts/application
  Rendered top/index.html.erb within layouts/application (1.5ms)
Completed 200 OK in 74ms (Views: 68.9ms | ActiveRecord: 0.0ms)


Started GET "/" for ::1 at 2020-08-30 17:37:35 +0900
Processing by TopController#index as HTML
  Rendering top/index.html.erb within layouts/application
  Rendered top/index.html.erb within layouts/application (1.7ms)
Completed 200 OK in 70ms (Views: 65.6ms | ActiveRecord: 0.0ms)


Started GET "/" for ::1 at 2020-08-30 17:38:34 +0900
Processing by TopController#index as HTML
  Rendering top/index.html.erb within layouts/application
  Rendered top/index.html.erb within layouts/application (1.6ms)
Completed 200 OK in 109ms (Views: 104.3ms | ActiveRecord: 0.0ms)


Started GET "/" for ::1 at 2020-08-30 17:40:17 +0900
Processing by TopController#index as HTML
  Rendering top/index.html.erb within layouts/application
  Rendered top/index.html.erb within layouts/application (1.8ms)
Completed 200 OK in 83ms (Views: 78.6ms | ActiveRecord: 0.0ms)


Started GET "/" for ::1 at 2020-08-30 17:40:47 +0900
Processing by TopController#index as HTML
  Rendering top/index.html.erb within layouts/application
  Rendered top/index.html.erb within layouts/application (0.9ms)
Completed 200 OK in 47ms (Views: 44.0ms | ActiveRecord: 0.0ms)


Started GET "/" for ::1 at 2020-08-30 17:42:49 +0900
Processing by TopController#index as HTML
  Rendering top/index.html.erb within layouts/application
  Rendered top/index.html.erb within layouts/application (1.5ms)
Completed 200 OK in 89ms (Views: 83.7ms | ActiveRecord: 0.0ms)


Started GET "/" for ::1 at 2020-08-30 17:45:02 +0900
Processing by TopController#index as HTML
  Rendering top/index.html.erb within layouts/application
  Rendered top/index.html.erb within layouts/application (2.1ms)
Completed 200 OK in 69ms (Views: 63.7ms | ActiveRecord: 0.0ms)


Started GET "/" for ::1 at 2020-08-30 17:50:36 +0900
Processing by TopController#index as HTML
  Rendering top/index.html.erb within layouts/application
  Rendered top/index.html.erb within layouts/application (2.3ms)
Completed 200 OK in 72ms (Views: 66.8ms | ActiveRecord: 0.0ms)


Started GET "/" for ::1 at 2020-08-30 17:56:35 +0900
Processing by TopController#index as HTML
  Rendering top/index.html.erb within layouts/application
  Rendered top/index.html.erb within layouts/application (0.9ms)
Completed 200 OK in 25ms (Views: 22.9ms | ActiveRecord: 0.0ms)


Started GET "/" for ::1 at 2020-08-30 18:00:06 +0900
Processing by TopController#index as HTML
  Rendering top/index.html.erb within layouts/application
  Rendered top/index.html.erb within layouts/application (0.7ms)
Completed 200 OK in 33ms (Views: 31.2ms | ActiveRecord: 0.0ms)


Started GET "/" for ::1 at 2020-08-30 18:02:24 +0900
Processing by TopController#index as HTML
  Rendering top/index.html.erb within layouts/application
  Rendered top/index.html.erb within layouts/application (0.8ms)
Completed 200 OK in 24ms (Views: 22.6ms | ActiveRecord: 0.0ms)


Started GET "/" for ::1 at 2020-08-30 18:10:54 +0900
Processing by TopController#index as HTML
  Rendering top/index.html.erb within layouts/application
  Rendered top/index.html.erb within layouts/application (0.8ms)
Completed 200 OK in 24ms (Views: 22.0ms | ActiveRecord: 0.0ms)


Started GET "/" for ::1 at 2020-08-30 18:12:23 +0900
Processing by TopController#index as HTML
  Rendering top/index.html.erb within layouts/application
  Rendered top/index.html.erb within layouts/application (0.8ms)
Completed 200 OK in 24ms (Views: 22.4ms | ActiveRecord: 0.0ms)


Started GET "/" for ::1 at 2020-08-30 18:24:54 +0900
Processing by TopController#index as HTML
  Rendering top/index.html.erb within layouts/application
  Rendered top/index.html.erb within layouts/application (0.8ms)
Completed 200 OK in 24ms (Views: 22.6ms | ActiveRecord: 0.0ms)


Started GET "/" for ::1 at 2020-08-30 18:38:23 +0900
Processing by TopController#index as HTML
  Rendering top/index.html.erb within layouts/application
  Rendered top/index.html.erb within layouts/application (0.8ms)
Completed 200 OK in 27ms (Views: 25.6ms | ActiveRecord: 0.0ms)


Started GET "/" for ::1 at 2020-08-30 18:39:15 +0900
Processing by TopController#index as HTML
  Rendering top/index.html.erb within layouts/application
  Rendered top/index.html.erb within layouts/application (0.7ms)
Completed 200 OK in 39ms (Views: 36.4ms | ActiveRecord: 0.0ms)


Started GET "/" for ::1 at 2020-08-30 18:42:37 +0900
Processing by TopController#index as HTML
  Rendering top/index.html.erb within layouts/application
  Rendered top/index.html.erb within layouts/application (1.1ms)
Completed 200 OK in 26ms (Views: 24.8ms | ActiveRecord: 0.0ms)


Started GET "/" for ::1 at 2020-08-30 20:28:07 +0900
Processing by TopController#index as HTML
  Rendering top/index.html.erb within layouts/application
  Rendered top/index.html.erb within layouts/application (0.8ms)
Completed 200 OK in 25ms (Views: 23.4ms | ActiveRecord: 0.0ms)


Started GET "/" for ::1 at 2020-08-30 20:28:43 +0900
Processing by TopController#index as HTML
  Rendering top/index.html.erb within layouts/application
  Rendered top/index.html.erb within layouts/application (0.9ms)
Completed 200 OK in 27ms (Views: 25.7ms | ActiveRecord: 0.0ms)


Started GET "/" for ::1 at 2020-08-30 20:29:39 +0900
Processing by TopController#index as HTML
  Rendering top/index.html.erb within layouts/application
  Rendered top/index.html.erb within layouts/application (0.6ms)
Completed 200 OK in 27ms (Views: 24.7ms | ActiveRecord: 0.0ms)


Started GET "/" for ::1 at 2020-08-30 20:35:26 +0900
Processing by TopController#index as HTML
  Rendering top/index.html.erb within layouts/application
  Rendered top/index.html.erb within layouts/application (0.9ms)
Completed 200 OK in 34ms (Views: 32.9ms | ActiveRecord: 0.0ms)


Started GET "/" for ::1 at 2020-08-30 20:35:55 +0900
Processing by TopController#index as HTML
  Rendering top/index.html.erb within layouts/application
  Rendered top/index.html.erb within layouts/application (0.7ms)
Completed 200 OK in 28ms (Views: 26.3ms | ActiveRecord: 0.0ms)


Started GET "/" for ::1 at 2020-08-30 20:38:52 +0900
Processing by TopController#index as HTML
  Rendering top/index.html.erb within layouts/application
  Rendered top/index.html.erb within layouts/application (0.7ms)
Completed 200 OK in 24ms (Views: 21.7ms | ActiveRecord: 0.0ms)


Started GET "/" for ::1 at 2020-08-30 20:42:11 +0900
Processing by TopController#index as HTML
  Rendering top/index.html.erb within layouts/application
  Rendered top/index.html.erb within layouts/application (0.7ms)
Completed 200 OK in 23ms (Views: 21.8ms | ActiveRecord: 0.0ms)


Started GET "/" for ::1 at 2020-08-30 20:52:54 +0900
Processing by TopController#index as HTML
  Rendering top/index.html.erb within layouts/application
  Rendered top/index.html.erb within layouts/application (0.6ms)
Completed 200 OK in 23ms (Views: 21.0ms | ActiveRecord: 0.0ms)


Started GET "/" for ::1 at 2020-08-30 20:53:50 +0900
Processing by TopController#index as HTML
  Rendering top/index.html.erb within layouts/application
  Rendered top/index.html.erb within layouts/application (0.8ms)
Completed 200 OK in 25ms (Views: 23.5ms | ActiveRecord: 0.0ms)


Started GET "/" for ::1 at 2020-08-30 20:54:06 +0900
Processing by TopController#index as HTML
  Rendering top/index.html.erb within layouts/application
  Rendered top/index.html.erb within layouts/application (0.7ms)
Completed 200 OK in 24ms (Views: 22.0ms | ActiveRecord: 0.0ms)


Started GET "/" for ::1 at 2020-08-30 20:54:35 +0900
Processing by TopController#index as HTML
  Rendering top/index.html.erb within layouts/application
  Rendered top/index.html.erb within layouts/application (1.2ms)
Completed 200 OK in 34ms (Views: 32.0ms | ActiveRecord: 0.0ms)


Started GET "/" for ::1 at 2020-08-30 20:55:20 +0900
Processing by TopController#index as HTML
  Rendering top/index.html.erb within layouts/application
  Rendered top/index.html.erb within layouts/application (0.9ms)
Completed 200 OK in 24ms (Views: 22.4ms | ActiveRecord: 0.0ms)


Started GET "/" for ::1 at 2020-08-30 21:00:38 +0900
Processing by TopController#index as HTML
  Rendering top/index.html.erb within layouts/application
  Rendered top/index.html.erb within layouts/application (0.8ms)
Completed 200 OK in 24ms (Views: 22.4ms | ActiveRecord: 0.0ms)


Started GET "/" for ::1 at 2020-08-30 21:05:19 +0900
Processing by TopController#index as HTML
  Rendering top/index.html.erb within layouts/application
  Rendered top/index.html.erb within layouts/application (0.8ms)
Completed 200 OK in 23ms (Views: 21.5ms | ActiveRecord: 0.0ms)


Started GET "/" for ::1 at 2020-08-30 21:07:53 +0900
Processing by TopController#index as HTML
  Rendering top/index.html.erb within layouts/application
  Rendered top/index.html.erb within layouts/application (0.7ms)
Completed 200 OK in 23ms (Views: 21.3ms | ActiveRecord: 0.0ms)


Started GET "/" for ::1 at 2020-08-30 23:45:15 +0900
Processing by TopController#index as HTML
  Rendering top/index.html.erb within layouts/application
  Rendered top/index.html.erb within layouts/application (0.7ms)
Completed 200 OK in 32ms (Views: 30.8ms | ActiveRecord: 0.0ms)


Started GET "/" for ::1 at 2020-08-30 23:49:48 +0900
Processing by TopController#index as HTML
  Rendering top/index.html.erb within layouts/application
  Rendered top/index.html.erb within layouts/application (0.7ms)
Completed 200 OK in 24ms (Views: 21.9ms | ActiveRecord: 0.0ms)


Started GET "/" for ::1 at 2020-08-30 23:50:18 +0900
Processing by TopController#index as HTML
  Rendering top/index.html.erb within layouts/application
  Rendered top/index.html.erb within layouts/application (0.7ms)
Completed 200 OK in 23ms (Views: 21.7ms | ActiveRecord: 0.0ms)


Started GET "/" for ::1 at 2020-08-30 23:52:44 +0900
Processing by TopController#index as HTML
  Rendering top/index.html.erb within layouts/application
  Rendered top/index.html.erb within layouts/application (0.7ms)
Completed 200 OK in 23ms (Views: 21.2ms | ActiveRecord: 0.0ms)


Started GET "/" for ::1 at 2020-08-30 23:54:53 +0900
Processing by TopController#index as HTML
  Rendering top/index.html.erb within layouts/application
  Rendered top/index.html.erb within layouts/application (0.6ms)
Completed 200 OK in 23ms (Views: 21.2ms | ActiveRecord: 0.0ms)


Started GET "/" for ::1 at 2020-08-31 07:17:31 +0900
Processing by TopController#index as HTML
  Rendering top/index.html.erb within layouts/application
  Rendered top/index.html.erb within layouts/application (2.2ms)
Completed 200 OK in 71ms (Views: 65.5ms | ActiveRecord: 0.0ms)


Started GET "/" for ::1 at 2020-08-31 07:21:35 +0900
Processing by TopController#index as HTML
  Rendering top/index.html.erb within layouts/application
  Rendered top/index.html.erb within layouts/application (1.9ms)
Completed 200 OK in 84ms (Views: 78.6ms | ActiveRecord: 0.0ms)


Started GET "/" for ::1 at 2020-08-31 20:12:53 +0900
Processing by TopController#index as HTML
  Rendering top/index.html.erb within layouts/application
  Rendered top/index.html.erb within layouts/application (6.3ms)
Completed 200 OK in 686ms (Views: 676.5ms | ActiveRecord: 0.0ms)


Started GET "/" for ::1 at 2020-08-31 20:17:09 +0900
Processing by TopController#index as HTML
  Rendering top/index.html.erb within layouts/application
  Rendered top/index.html.erb within layouts/application (1.6ms)
Completed 200 OK in 94ms (Views: 88.8ms | ActiveRecord: 0.0ms)


Started GET "/" for ::1 at 2020-08-31 20:21:47 +0900
Processing by TopController#index as HTML
  Rendering top/index.html.erb within layouts/application
  Rendered top/index.html.erb within layouts/application (1.7ms)
Completed 200 OK in 88ms (Views: 82.5ms | ActiveRecord: 0.0ms)


Started GET "/" for ::1 at 2020-08-31 20:22:02 +0900
Processing by TopController#index as HTML
  Rendering top/index.html.erb within layouts/application
  Rendered top/index.html.erb within layouts/application (1.5ms)
Completed 200 OK in 90ms (Views: 85.5ms | ActiveRecord: 0.0ms)


Started GET "/" for ::1 at 2020-08-31 20:22:13 +0900
Processing by TopController#index as HTML
  Rendering top/index.html.erb within layouts/application
  Rendered top/index.html.erb within layouts/application (1.6ms)
Completed 200 OK in 89ms (Views: 84.2ms | ActiveRecord: 0.0ms)


Started GET "/" for ::1 at 2020-08-31 20:23:44 +0900
Processing by TopController#index as HTML
  Rendering top/index.html.erb within layouts/application
  Rendered top/index.html.erb within layouts/application (1.9ms)
Completed 200 OK in 93ms (Views: 88.0ms | ActiveRecord: 0.0ms)


Started GET "/" for ::1 at 2020-08-31 20:24:40 +0900
Processing by TopController#index as HTML
  Rendering top/index.html.erb within layouts/application
  Rendered top/index.html.erb within layouts/application (1.7ms)
Completed 200 OK in 82ms (Views: 76.6ms | ActiveRecord: 0.0ms)


Started GET "/" for ::1 at 2020-08-31 20:25:35 +0900
Processing by TopController#index as HTML
  Rendering top/index.html.erb within layouts/application
  Rendered top/index.html.erb within layouts/application (2.0ms)
Completed 200 OK in 88ms (Views: 82.6ms | ActiveRecord: 0.0ms)


Started GET "/" for ::1 at 2020-08-31 20:27:01 +0900
Processing by TopController#index as HTML
  Rendering top/index.html.erb within layouts/application
  Rendered top/index.html.erb within layouts/application (1.4ms)
Completed 200 OK in 87ms (Views: 80.9ms | ActiveRecord: 0.0ms)


Started GET "/" for ::1 at 2020-08-31 20:27:44 +0900
Processing by TopController#index as HTML
  Rendering top/index.html.erb within layouts/application
  Rendered top/index.html.erb within layouts/application (1.5ms)
Completed 200 OK in 85ms (Views: 80.7ms | ActiveRecord: 0.0ms)


Started GET "/" for ::1 at 2020-08-31 20:28:48 +0900
Processing by TopController#index as HTML
  Rendering top/index.html.erb within layouts/application
  Rendered top/index.html.erb within layouts/application (1.7ms)
Completed 200 OK in 89ms (Views: 83.3ms | ActiveRecord: 0.0ms)


Started GET "/" for ::1 at 2020-08-31 20:29:26 +0900
Processing by TopController#index as HTML
  Rendering top/index.html.erb within layouts/application
  Rendered top/index.html.erb within layouts/application (1.5ms)
Completed 200 OK in 86ms (Views: 81.5ms | ActiveRecord: 0.0ms)


Started GET "/" for ::1 at 2020-08-31 20:31:12 +0900
Processing by TopController#index as HTML
  Rendering top/index.html.erb within layouts/application
  Rendered top/index.html.erb within layouts/application (2.0ms)
Completed 200 OK in 108ms (Views: 103.0ms | ActiveRecord: 0.0ms)


Started GET "/" for ::1 at 2020-08-31 20:32:27 +0900
Processing by TopController#index as HTML
  Rendering top/index.html.erb within layouts/application
  Rendered top/index.html.erb within layouts/application (1.5ms)
Completed 200 OK in 86ms (Views: 81.2ms | ActiveRecord: 0.0ms)


Started GET "/" for ::1 at 2020-08-31 20:32:47 +0900
Processing by TopController#index as HTML
  Rendering top/index.html.erb within layouts/application
  Rendered top/index.html.erb within layouts/application (1.5ms)
Completed 200 OK in 87ms (Views: 81.5ms | ActiveRecord: 0.0ms)


Started GET "/" for ::1 at 2020-08-31 20:33:17 +0900
Processing by TopController#index as HTML
  Rendering top/index.html.erb within layouts/application
  Rendered top/index.html.erb within layouts/application (1.4ms)
Completed 200 OK in 93ms (Views: 87.5ms | ActiveRecord: 0.0ms)


Started GET "/" for ::1 at 2020-08-31 20:37:47 +0900
Processing by TopController#index as HTML
  Rendering top/index.html.erb within layouts/application
  Rendered top/index.html.erb within layouts/application (1.9ms)
Completed 200 OK in 87ms (Views: 81.4ms | ActiveRecord: 0.0ms)


Started GET "/" for ::1 at 2020-08-31 20:37:49 +0900
Processing by TopController#index as HTML
  Rendering top/index.html.erb within layouts/application
  Rendered top/index.html.erb within layouts/application (1.3ms)
Completed 200 OK in 81ms (Views: 76.9ms | ActiveRecord: 0.0ms)


Started GET "/" for ::1 at 2020-08-31 20:39:05 +0900
Processing by TopController#index as HTML
  Rendering top/index.html.erb within layouts/application
  Rendered top/index.html.erb within layouts/application (1.6ms)
Completed 200 OK in 107ms (Views: 101.7ms | ActiveRecord: 0.0ms)


Started GET "/" for ::1 at 2020-08-31 20:39:06 +0900
Processing by TopController#index as HTML
  Rendering top/index.html.erb within layouts/application
  Rendered top/index.html.erb within layouts/application (1.7ms)
Completed 200 OK in 82ms (Views: 76.8ms | ActiveRecord: 0.0ms)


Started GET "/" for ::1 at 2020-08-31 20:42:16 +0900
Processing by TopController#index as HTML
  Rendering top/index.html.erb within layouts/application
  Rendered top/index.html.erb within layouts/application (1.6ms)
Completed 200 OK in 88ms (Views: 82.2ms | ActiveRecord: 0.0ms)


Started GET "/" for ::1 at 2020-08-31 20:42:44 +0900
Processing by TopController#index as HTML
  Rendering top/index.html.erb within layouts/application
  Rendered top/index.html.erb within layouts/application (1.6ms)
Completed 200 OK in 102ms (Views: 95.8ms | ActiveRecord: 0.0ms)


Started GET "/" for ::1 at 2020-08-31 20:43:39 +0900
Processing by TopController#index as HTML
  Rendering top/index.html.erb within layouts/application
  Rendered top/index.html.erb within layouts/application (1.8ms)
Completed 200 OK in 86ms (Views: 80.6ms | ActiveRecord: 0.0ms)


Started GET "/" for ::1 at 2020-08-31 20:43:53 +0900
Processing by TopController#index as HTML
  Rendering top/index.html.erb within layouts/application
  Rendered top/index.html.erb within layouts/application (1.6ms)
Completed 200 OK in 85ms (Views: 81.5ms | ActiveRecord: 0.0ms)


Started GET "/" for ::1 at 2020-08-31 20:44:18 +0900
Processing by TopController#index as HTML
  Rendering top/index.html.erb within layouts/application
  Rendered top/index.html.erb within layouts/application (1.9ms)
Completed 200 OK in 107ms (Views: 101.8ms | ActiveRecord: 0.0ms)


Started GET "/" for ::1 at 2020-08-31 20:45:34 +0900
Processing by TopController#index as HTML
  Rendering top/index.html.erb within layouts/application
  Rendered top/index.html.erb within layouts/application (1.5ms)
Completed 200 OK in 83ms (Views: 78.7ms | ActiveRecord: 0.0ms)


Started GET "/" for ::1 at 2020-08-31 20:45:48 +0900
Processing by TopController#index as HTML
  Rendering top/index.html.erb within layouts/application
  Rendered top/index.html.erb within layouts/application (1.5ms)
Completed 200 OK in 88ms (Views: 83.0ms | ActiveRecord: 0.0ms)


Started GET "/" for ::1 at 2020-08-31 20:46:12 +0900
Processing by TopController#index as HTML
  Rendering top/index.html.erb within layouts/application
  Rendered top/index.html.erb within layouts/application (1.2ms)
Completed 200 OK in 85ms (Views: 80.6ms | ActiveRecord: 0.0ms)


Started GET "/" for ::1 at 2020-08-31 20:47:36 +0900
Processing by TopController#index as HTML
  Rendering top/index.html.erb within layouts/application
  Rendered top/index.html.erb within layouts/application (1.6ms)
Completed 200 OK in 85ms (Views: 79.5ms | ActiveRecord: 0.0ms)


Started GET "/" for ::1 at 2020-08-31 20:49:17 +0900
Processing by TopController#index as HTML
  Rendering top/index.html.erb within layouts/application
  Rendered top/index.html.erb within layouts/application (1.5ms)
Completed 200 OK in 87ms (Views: 81.9ms | ActiveRecord: 0.0ms)


Started GET "/" for ::1 at 2020-08-31 20:52:09 +0900
Processing by TopController#index as HTML
  Rendering top/index.html.erb within layouts/application
  Rendered top/index.html.erb within layouts/application (1.6ms)
Completed 200 OK in 88ms (Views: 82.3ms | ActiveRecord: 0.0ms)


Started GET "/" for ::1 at 2020-08-31 20:52:24 +0900
Processing by TopController#index as HTML
  Rendering top/index.html.erb within layouts/application
  Rendered top/index.html.erb within layouts/application (1.7ms)
Completed 200 OK in 108ms (Views: 102.4ms | ActiveRecord: 0.0ms)


Started GET "/" for ::1 at 2020-08-31 20:52:39 +0900
Processing by TopController#index as HTML
  Rendering top/index.html.erb within layouts/application
  Rendered top/index.html.erb within layouts/application (1.5ms)
Completed 200 OK in 92ms (Views: 85.8ms | ActiveRecord: 0.0ms)


Started GET "/" for ::1 at 2020-08-31 20:53:19 +0900
Processing by TopController#index as HTML
  Rendering top/index.html.erb within layouts/application
  Rendered top/index.html.erb within layouts/application (1.5ms)
Completed 200 OK in 89ms (Views: 84.2ms | ActiveRecord: 0.0ms)


Started GET "/" for ::1 at 2020-08-31 20:53:53 +0900
Processing by TopController#index as HTML
  Rendering top/index.html.erb within layouts/application
  Rendered top/index.html.erb within layouts/application (1.6ms)
Completed 200 OK in 85ms (Views: 80.4ms | ActiveRecord: 0.0ms)


Started GET "/" for ::1 at 2020-08-31 20:54:06 +0900
Processing by TopController#index as HTML
  Rendering top/index.html.erb within layouts/application
  Rendered top/index.html.erb within layouts/application (1.5ms)
Completed 200 OK in 88ms (Views: 82.3ms | ActiveRecord: 0.0ms)


Started GET "/" for ::1 at 2020-08-31 20:56:29 +0900
Processing by TopController#index as HTML
  Rendering top/index.html.erb within layouts/application
  Rendered top/index.html.erb within layouts/application (1.5ms)
Completed 200 OK in 99ms (Views: 94.4ms | ActiveRecord: 0.0ms)


Started GET "/" for ::1 at 2020-08-31 20:56:38 +0900
Processing by TopController#index as HTML
  Rendering top/index.html.erb within layouts/application
  Rendered top/index.html.erb within layouts/application (1.5ms)
Completed 200 OK in 106ms (Views: 100.5ms | ActiveRecord: 0.0ms)


Started GET "/" for ::1 at 2020-08-31 20:57:26 +0900
Processing by TopController#index as HTML
  Rendering top/index.html.erb within layouts/application
  Rendered top/index.html.erb within layouts/application (1.5ms)
Completed 200 OK in 83ms (Views: 78.2ms | ActiveRecord: 0.0ms)


Started GET "/" for ::1 at 2020-08-31 20:57:49 +0900
Processing by TopController#index as HTML
  Rendering top/index.html.erb within layouts/application
  Rendered top/index.html.erb within layouts/application (1.5ms)
Completed 200 OK in 87ms (Views: 82.6ms | ActiveRecord: 0.0ms)


Started GET "/" for ::1 at 2020-09-01 17:39:44 +0900
Processing by TopController#index as HTML
  Rendering top/index.html.erb within layouts/application
  Rendered top/index.html.erb within layouts/application (2.0ms)
Completed 200 OK in 33ms (Views: 28.9ms | ActiveRecord: 0.0ms)


Started GET "/" for ::1 at 2020-09-01 17:39:49 +0900
Processing by TopController#index as HTML
  Rendering top/index.html.erb within layouts/application
  Rendered top/index.html.erb within layouts/application (1.0ms)
Completed 200 OK in 28ms (Views: 26.2ms | ActiveRecord: 0.0ms)


Started GET "/" for ::1 at 2020-09-01 17:41:04 +0900
Processing by TopController#index as HTML
  Rendering top/index.html.erb within layouts/application
  Rendered top/index.html.erb within layouts/application (2.0ms)
Completed 200 OK in 87ms (Views: 82.2ms | ActiveRecord: 0.0ms)


Started GET "/" for ::1 at 2020-09-01 17:45:38 +0900
Processing by TopController#index as HTML
  Rendering top/index.html.erb within layouts/application
  Rendered top/index.html.erb within layouts/application (1.7ms)
Completed 200 OK in 108ms (Views: 103.4ms | ActiveRecord: 0.0ms)


Started GET "/" for ::1 at 2020-09-01 17:46:16 +0900
Processing by TopController#index as HTML
  Rendering top/index.html.erb within layouts/application
  Rendered top/index.html.erb within layouts/application (2.0ms)
Completed 200 OK in 87ms (Views: 82.8ms | ActiveRecord: 0.0ms)


Started GET "/" for ::1 at 2020-09-01 17:47:47 +0900
Processing by TopController#index as HTML
  Rendering top/index.html.erb within layouts/application
  Rendered top/index.html.erb within layouts/application (2.3ms)
Completed 200 OK in 91ms (Views: 86.3ms | ActiveRecord: 0.0ms)


Started GET "/" for ::1 at 2020-09-01 17:47:53 +0900
Processing by TopController#index as HTML
  Rendering top/index.html.erb within layouts/application
  Rendered top/index.html.erb within layouts/application (2.0ms)
Completed 200 OK in 86ms (Views: 80.4ms | ActiveRecord: 0.0ms)


Started GET "/" for ::1 at 2020-09-01 17:48:32 +0900
Processing by TopController#index as HTML
  Rendering top/index.html.erb within layouts/application
  Rendered top/index.html.erb within layouts/application (2.1ms)
Completed 200 OK in 90ms (Views: 85.0ms | ActiveRecord: 0.0ms)


Started GET "/" for ::1 at 2020-09-01 17:50:32 +0900
Processing by TopController#index as HTML
  Rendering top/index.html.erb within layouts/application
  Rendered top/index.html.erb within layouts/application (1.6ms)
Completed 200 OK in 86ms (Views: 80.8ms | ActiveRecord: 0.0ms)


Started GET "/" for ::1 at 2020-09-01 17:51:24 +0900
Processing by TopController#index as HTML
  Rendering top/index.html.erb within layouts/application
  Rendered top/index.html.erb within layouts/application (2.0ms)
Completed 200 OK in 106ms (Views: 101.7ms | ActiveRecord: 0.0ms)


Started GET "/" for ::1 at 2020-09-01 17:52:59 +0900
Processing by TopController#index as HTML
  Rendering top/index.html.erb within layouts/application
  Rendered top/index.html.erb within layouts/application (2.1ms)
Completed 200 OK in 88ms (Views: 82.4ms | ActiveRecord: 0.0ms)


Started GET "/" for ::1 at 2020-09-01 17:53:27 +0900
Processing by TopController#index as HTML
  Rendering top/index.html.erb within layouts/application
  Rendered top/index.html.erb within layouts/application (1.5ms)
Completed 200 OK in 93ms (Views: 87.8ms | ActiveRecord: 0.0ms)


Started GET "/" for ::1 at 2020-09-05 23:11:51 +0900
Processing by TopController#index as HTML
  Rendering top/index.html.erb within layouts/application
  Rendered top/index.html.erb within layouts/application (1.8ms)
Completed 200 OK in 193ms (Views: 188.2ms | ActiveRecord: 0.0ms)


Started GET "/" for ::1 at 2020-09-06 16:26:57 +0900
Processing by TopController#index as HTML
  Rendering top/index.html.erb within layouts/application
  Rendered top/index.html.erb within layouts/application (1.8ms)
Completed 200 OK in 166ms (Views: 162.7ms | ActiveRecord: 0.0ms)


Started GET "/" for ::1 at 2020-09-06 16:30:22 +0900
Processing by TopController#index as HTML
  Rendering top/index.html.erb within layouts/application
  Rendered top/index.html.erb within layouts/application (0.6ms)
Completed 200 OK in 22ms (Views: 20.2ms | ActiveRecord: 0.0ms)


Started GET "/" for ::1 at 2020-09-06 16:30:23 +0900
Processing by TopController#index as HTML
  Rendering top/index.html.erb within layouts/application
  Rendered top/index.html.erb within layouts/application (0.6ms)
Completed 200 OK in 21ms (Views: 20.0ms | ActiveRecord: 0.0ms)


Started GET "/" for ::1 at 2020-09-06 16:30:38 +0900
Processing by TopController#index as HTML
  Rendering top/index.html.erb within layouts/application
  Rendered top/index.html.erb within layouts/application (0.7ms)
Completed 200 OK in 23ms (Views: 21.5ms | ActiveRecord: 0.0ms)


Started GET "/" for ::1 at 2020-09-06 16:30:46 +0900
Processing by TopController#index as HTML
  Rendering top/index.html.erb within layouts/application
  Rendered top/index.html.erb within layouts/application (0.6ms)
Completed 200 OK in 22ms (Views: 21.2ms | ActiveRecord: 0.0ms)


Started GET "/" for ::1 at 2020-09-06 16:31:36 +0900
Processing by TopController#index as HTML
  Rendering top/index.html.erb within layouts/application
  Rendered top/index.html.erb within layouts/application (0.6ms)
Completed 200 OK in 21ms (Views: 19.5ms | ActiveRecord: 0.0ms)


Started GET "/" for ::1 at 2020-09-06 21:46:50 +0900
Processing by TopController#index as HTML
  Rendering top/index.html.erb within layouts/application
  Rendered top/index.html.erb within layouts/application (3.2ms)
Completed 200 OK in 42ms (Views: 38.0ms | ActiveRecord: 0.0ms)


Started GET "/" for ::1 at 2020-09-06 21:47:00 +0900
Processing by TopController#index as HTML
  Rendering top/index.html.erb within layouts/application
  Rendered top/index.html.erb within layouts/application (1.3ms)
Completed 200 OK in 34ms (Views: 33.0ms | ActiveRecord: 0.0ms)


Started GET "/" for ::1 at 2020-09-06 21:47:20 +0900
Processing by TopController#index as HTML
  Rendering top/index.html.erb within layouts/application
  Rendered top/index.html.erb within layouts/application (0.8ms)
Completed 200 OK in 26ms (Views: 24.9ms | ActiveRecord: 0.0ms)


Started GET "/" for ::1 at 2020-09-06 21:54:39 +0900
Processing by TopController#index as HTML
  Rendering top/index.html.erb within layouts/application
  Rendered top/index.html.erb within layouts/application (2.8ms)
Completed 200 OK in 28ms (Views: 27.0ms | ActiveRecord: 0.0ms)


Started GET "/" for ::1 at 2020-09-06 21:58:31 +0900
Processing by TopController#index as HTML
  Rendering top/index.html.erb within layouts/application
  Rendered top/index.html.erb within layouts/application (0.9ms)
Completed 200 OK in 77ms (Views: 75.0ms | ActiveRecord: 0.0ms)


Started GET "/" for ::1 at 2020-09-06 22:00:36 +0900
Processing by TopController#index as HTML
  Rendering top/index.html.erb within layouts/application
  Rendered top/index.html.erb within layouts/application (0.7ms)
Completed 200 OK in 31ms (Views: 29.5ms | ActiveRecord: 0.0ms)


Started GET "/" for ::1 at 2020-09-06 22:01:14 +0900
Processing by TopController#index as HTML
  Rendering top/index.html.erb within layouts/application
  Rendered top/index.html.erb within layouts/application (0.6ms)
Completed 200 OK in 23ms (Views: 21.8ms | ActiveRecord: 0.0ms)


Started GET "/" for ::1 at 2020-09-06 22:05:00 +0900
Processing by TopController#index as HTML
  Rendering top/index.html.erb within layouts/application
  Rendered top/index.html.erb within layouts/application (8.0ms)
Completed 200 OK in 30ms (Views: 29.2ms | ActiveRecord: 0.0ms)


Started GET "/" for ::1 at 2020-09-06 22:05:14 +0900
Processing by TopController#index as HTML
  Rendering top/index.html.erb within layouts/application
  Rendered top/index.html.erb within layouts/application (0.8ms)
Completed 200 OK in 21ms (Views: 19.9ms | ActiveRecord: 0.0ms)


